\BOOKMARK [1][-]{section.1}{\376\377\000\040\000C\000o\000u\000r\000s\000e\000w\000o\000r\000k\000\040\0001\000:\000\040\000T\000h\000r\000e\000a\000t\000\040\000M\000o\000d\000e\000l\000i\000n\000g\000\040\000\046\000\040\000A\000t\000t\000a\000c\000k\000\040\000S\000i\000m\000u\000l\000a\000t\000i\000o\000n}{}% 1
\BOOKMARK [2][-]{subsection.1.1}{\376\377\000\040\000I\000n\000t\000r\000o\000d\000u\000c\000t\000i\000o\000n\000\040\000a\000n\000d\000\040\000o\000b\000j\000e\000c\000t\000i\000v\000e\000s}{section.1}% 2
\BOOKMARK [2][-]{subsection.1.2}{\376\377\000\040\000T\000h\000r\000e\000a\000t\000\040\000m\000o\000d\000e\000l}{section.1}% 3
\BOOKMARK [2][-]{subsection.1.3}{\376\377\000\040\000A\000s\000s\000e\000s\000s\000\040\000i\000m\000p\000a\000c\000t\000\040\000a\000n\000d\000\040\000p\000r\000i\000o\000r\000i\000t\000i\000z\000e\000\040\000t\000h\000r\000e\000a\000t\000s}{section.1}% 4
\BOOKMARK [2][-]{subsection.1.4}{\376\377\000\040\000D\000a\000t\000a\000\040\000S\000o\000u\000r\000c\000e\000s\000\040\000a\000n\000d\000\040\000a\000t\000t\000a\000c\000k\000s\000\040\000s\000e\000t\000-\000u\000p}{section.1}% 5
\BOOKMARK [3][-]{subsubsection.1.4.1}{\376\377\000\040\000W\000i\000r\000e\000s\000h\000a\000r\000k\000'\000s\000\040\000H\000T\000T\000P\000\040\000m\000e\000s\000s\000a\000g\000e\000\040\000c\000a\000p\000t\000u\000r\000e}{subsection.1.4}% 6
\BOOKMARK [3][-]{subsubsection.1.4.2}{\376\377\000\040\000S\000e\000s\000s\000i\000o\000n\000\040\000H\000i\000j\000a\000c\000k\000i\000n\000g}{subsection.1.4}% 7
\BOOKMARK [1][-]{section.2}{\376\377\000\040\000C\000o\000u\000r\000s\000e\000w\000o\000r\000k\000\040\0002\000:\000\040\000S\000e\000c\000u\000r\000i\000t\000y\000\040\000\046\000\040\000P\000r\000i\000v\000a\000c\000y\000\040\000D\000e\000f\000e\000n\000s\000e\000\040\000S\000t\000r\000a\000t\000e\000g\000y}{}% 8
\BOOKMARK [2][-]{subsection.2.1}{\376\377\000\040\000S\000e\000c\000u\000r\000i\000t\000y\000\040\000\050\000o\000r\000\040\000P\000r\000i\000v\000a\000c\000y\000\040\000o\000r\000\040\000b\000o\000t\000h\000\051\000\040\000I\000n\000t\000e\000r\000a\000c\000t\000i\000o\000n\000/\000v\000i\000s\000u\000a\000l\000i\000s\000a\000t\000i\000o\000n\000/\000a\000c\000t\000u\000a\000t\000i\000o\000n\000\040\000s\000y\000s\000t\000e\000m}{section.2}% 9
\BOOKMARK [2][-]{subsection.2.2}{\376\377\000\040\000P\000r\000o\000t\000o\000t\000y\000p\000e\000\040\000I\000m\000p\000l\000e\000m\000e\000n\000t\000a\000t\000i\000o\000n\000\040\000a\000n\000d\000\040\000D\000e\000m\000o\000n\000s\000t\000r\000a\000t\000i\000o\000n}{section.2}% 10
\BOOKMARK [3][-]{subsubsection.2.2.1}{\376\377\000\040\000E\000n\000a\000b\000l\000e\000\040\000T\000L\000S\000\040\000E\000n\000c\000r\000y\000p\000t\000i\000o\000n\000\040\000t\000o\000\040\000P\000r\000e\000v\000e\000n\000t\000\040\000D\000a\000t\000a\000\040\000L\000e\000a\000k\000a\000g\000e\000\040}{subsection.2.2}% 11
\BOOKMARK [3][-]{subsubsection.2.2.2}{\376\377\000\040\000I\000m\000p\000l\000e\000m\000e\000n\000t\000i\000n\000g\000\040\000M\000u\000l\000t\000i\000-\000F\000a\000c\000t\000o\000r\000\040\000A\000u\000t\000h\000e\000n\000t\000i\000c\000a\000t\000i\000o\000n\000\040\000\050\000M\000F\000A\000\051}{subsection.2.2}% 12
\BOOKMARK [3][-]{subsubsection.2.2.3}{\376\377\000\040\000I\000m\000p\000l\000e\000m\000e\000n\000t\000i\000n\000g\000\040\000G\000i\000t\000H\000u\000b\000\040\000O\000A\000u\000t\000h\000\040\000A\000u\000t\000h\000e\000n\000t\000i\000c\000a\000t\000i\000o\000n}{subsection.2.2}% 13
\BOOKMARK [3][-]{subsubsection.2.2.4}{\376\377\000\040\000I\000m\000p\000l\000e\000m\000e\000n\000t\000i\000n\000g\000\040\000R\000a\000t\000e\000\040\000L\000i\000m\000i\000t\000i\000n\000g\000\040\000a\000n\000d\000\040\000C\000A\000P\000T\000C\000H\000A}{subsection.2.2}% 14
\BOOKMARK [3][-]{subsubsection.2.2.5}{\376\377\000\040\000A\000I\000-\000b\000a\000s\000e\000d\000\040\000M\000e\000c\000h\000a\000n\000i\000s\000m\000\040\000t\000o\000\040\000P\000r\000e\000v\000e\000n\000t\000\040\000S\000e\000n\000s\000i\000t\000i\000v\000e\000\040\000D\000a\000t\000a\000\040\000P\000o\000l\000l\000u\000t\000i\000o\000n\000\040}{subsection.2.2}% 15
\BOOKMARK [2][-]{subsection.2.3}{\376\377\000\040\000R\000e\000g\000u\000l\000a\000t\000i\000o\000n\000\040\000a\000n\000d\000\040\000E\000t\000h\000i\000c\000a\000l\000\040\000c\000o\000n\000s\000i\000d\000e\000r\000a\000t\000i\000o\000n\000s}{section.2}% 16
\BOOKMARK [3][-]{subsubsection.2.3.1}{\376\377\000\040\000R\000e\000g\000u\000l\000a\000t\000o\000r\000y\000\040\000C\000o\000m\000p\000l\000i\000a\000n\000c\000e}{subsection.2.3}% 17
\BOOKMARK [3][-]{subsubsection.2.3.2}{\376\377\000\040\000E\000t\000h\000i\000c\000a\000l\000\040\000C\000o\000n\000s\000i\000d\000e\000r\000a\000t\000i\000o\000n\000s}{subsection.2.3}% 18
\BOOKMARK [2][-]{subsection.2.4}{\376\377\000\040\000S\000c\000a\000l\000a\000b\000i\000l\000i\000t\000y\000,\000\040\000I\000n\000n\000o\000v\000a\000t\000i\000o\000n\000\040\000\046\000\040\000E\000n\000t\000e\000r\000p\000r\000i\000s\000e\000\040\000C\000o\000n\000s\000i\000d\000e\000r\000a\000t\000i\000o\000n\000s}{section.2}% 19
\BOOKMARK [3][-]{subsubsection.2.4.1}{\376\377\000\040\000E\000n\000t\000e\000r\000p\000r\000i\000s\000e\000\040\000S\000c\000a\000l\000a\000b\000i\000l\000i\000t\000y}{subsection.2.4}% 20
\BOOKMARK [3][-]{subsubsection.2.4.2}{\376\377\000\040\000I\000n\000n\000o\000v\000a\000t\000i\000v\000e\000\040\000S\000e\000c\000u\000r\000i\000t\000y\000\040\000A\000p\000p\000r\000o\000a\000c\000h\000e\000s}{subsection.2.4}% 21
\BOOKMARK [3][-]{subsubsection.2.4.3}{\376\377\000\040\000L\000o\000n\000g\000-\000t\000e\000r\000m\000\040\000V\000i\000a\000b\000i\000l\000i\000t\000y\000\040\000a\000n\000d\000\040\000C\000o\000s\000t\000\040\000M\000a\000n\000a\000g\000e\000m\000e\000n\000t}{subsection.2.4}% 22
\BOOKMARK [1][-]{section.3}{\376\377\000\040\000R\000e\000f\000e\000r\000e\000n\000c\000e\000s}{}% 23
\BOOKMARK [1][-]{section.4}{\376\377\000\040\000e\000x\000p\000l\000a\000i\000n\000i\000n\000g\000\040\000c\000o\000n\000t\000r\000i\000b\000u\000t\000i\000o\000n}{}% 24
\BOOKMARK [2][-]{subsection.4.1}{\376\377\000\040\000S\000N\000:\000\040\0002\0004\0000\0007\0006\0006\0000\0007}{section.4}% 25
\BOOKMARK [2][-]{subsection.4.2}{\376\377\000\040\000S\000N\000:\000\040\0002\0004\0000\0005\0005\0001\0004\0002}{section.4}% 26
\BOOKMARK [2][-]{subsection.4.3}{\376\377\000\040\000S\000N\000:\000\040\0002\0001\0000\0005\0006\0001\0000\0006}{section.4}% 27
\BOOKMARK [2][-]{subsection.4.4}{\376\377\000\040\000S\000N\000:\000\040\0002\0001\0000\0007\0002\0007\0005\0008}{section.4}% 28
